{"level":"info","message":"Orders fetched | userId=1, count=1","service":"order-management-api","timestamp":"2026-04-03 09:22:57"}
{"level":"info","message":"Orders fetched | userId=1, count=0","service":"order-management-api","timestamp":"2026-04-03 09:22:57"}
{"level":"info","message":"Login success: rama@gmail.com (Role: user)","service":"order-management-api","timestamp":"2026-04-03 09:22:57"}
{"level":"warn","message":"Failed login attempt for: test@gmail.com","service":"order-management-api","timestamp":"2026-04-03 09:22:57"}
{"level":"info","message":"Registered new user: rama@gmail.com","service":"order-management-api","timestamp":"2026-04-03 09:22:57"}
{"level":"info","message":"Registration failed : User already exists (rama@gmail.com)","service":"order-management-api","timestamp":"2026-04-03 09:22:57"}
{"level":"info","message":"Products fetched : count=1","service":"order-management-api","timestamp":"2026-04-03 09:22:57"}
{"level":"warn","message":"Product not found : productId=999","service":"order-management-api","timestamp":"2026-04-03 09:22:57"}
{"level":"info","message":"Categories fetched : count=1","service":"order-management-api","timestamp":"2026-04-03 09:22:57"}
{"level":"info","message":"Resetting default addresses for user 1","service":"order-management-api","timestamp":"2026-04-03 09:22:57"}
{"level":"info","message":"Address created with ID 101 for user 1","service":"order-management-api","timestamp":"2026-04-03 09:22:57"}
{"level":"info","message":"Address deleted : 1 for user 1","service":"order-management-api","timestamp":"2026-04-03 09:22:57"}
{"level":"info","message":"Products fetched : count=1","service":"order-management-api","timestamp":"2026-04-03 09:22:58"}
{"level":"info","message":"Login success: rama@gmail.com (Role: user)","service":"order-management-api","timestamp":"2026-04-03 09:22:58"}
{"level":"info","message":"Address created with ID 101 for user undefined","service":"order-management-api","timestamp":"2026-04-03 09:22:58"}
{"level":"info","message":"Registered new user: rama@gmail.com","service":"order-management-api","timestamp":"2026-04-03 09:22:58"}
{"level":"info","message":"Resetting default addresses for user 1","service":"order-management-api","timestamp":"2026-04-03 09:34:16"}
{"level":"info","message":"Address created with ID 101 for user 1","service":"order-management-api","timestamp":"2026-04-03 09:34:16"}
{"level":"info","message":"Address deleted : 1 for user 1","service":"order-management-api","timestamp":"2026-04-03 09:34:16"}
{"level":"info","message":"Orders fetched | userId=1, count=1","service":"order-management-api","timestamp":"2026-04-03 09:34:16"}
{"level":"info","message":"Orders fetched | userId=1, count=0","service":"order-management-api","timestamp":"2026-04-03 09:34:16"}
{"level":"info","message":"Login success: rama@gmail.com (Role: user)","service":"order-management-api","timestamp":"2026-04-03 09:34:16"}
{"level":"warn","message":"Failed login attempt for: test@gmail.com","service":"order-management-api","timestamp":"2026-04-03 09:34:16"}
{"level":"info","message":"Registered new user: rama@gmail.com","service":"order-management-api","timestamp":"2026-04-03 09:34:16"}
{"level":"info","message":"Registration failed : User already exists (rama@gmail.com)","service":"order-management-api","timestamp":"2026-04-03 09:34:16"}
{"level":"info","message":"Products fetched : count=1","service":"order-management-api","timestamp":"2026-04-03 09:34:16"}
{"level":"warn","message":"Product not found : productId=999","service":"order-management-api","timestamp":"2026-04-03 09:34:16"}
{"level":"info","message":"Categories fetched : count=1","service":"order-management-api","timestamp":"2026-04-03 09:34:16"}
{"level":"info","message":"Products fetched : count=1","service":"order-management-api","timestamp":"2026-04-03 09:34:26"}
{"level":"info","message":"Address created with ID 101 for user undefined","service":"order-management-api","timestamp":"2026-04-03 09:34:27"}
{"level":"info","message":"Login success: rama@gmail.com (Role: user)","service":"order-management-api","timestamp":"2026-04-03 09:34:27"}
{"level":"info","message":"Registered new user: rama@gmail.com","service":"order-management-api","timestamp":"2026-04-03 09:34:27"}
{"level":"info","message":"Login success: rama@gmail.com (Role: user)","service":"order-management-api","timestamp":"2026-04-03 09:43:00"}
{"level":"warn","message":"Failed login attempt for: test@gmail.com","service":"order-management-api","timestamp":"2026-04-03 09:43:00"}
{"level":"info","message":"Registered new user: rama@gmail.com","service":"order-management-api","timestamp":"2026-04-03 09:43:00"}
{"level":"info","message":"Registration failed: User already exists (rama@gmail.com)","service":"order-management-api","timestamp":"2026-04-03 09:43:00"}
{"level":"info","message":"Login success: rama@gmail.com (Role: user)","service":"order-management-api","timestamp":"2026-04-03 09:43:01"}
{"level":"error","message":"Unhandled/Server Error:  prisma is not defined","service":"order-management-api","stack":"ReferenceError: prisma is not defined\n    at Object.prisma (D:\\Work\\order-management-app\\order-management\\backend\\services\\productService.js:22:5)\n    at getAll (D:\\Work\\order-management-app\\order-management\\backend\\controller\\productController.js:6:37)\n    at fn (D:\\Work\\order-management-app\\order-management\\backend\\utils\\asyncHandler.js:9:19)\n    at Layer.handleRequest (D:\\Work\\order-management-app\\order-management\\backend\\node_modules\\router\\lib\\layer.js:152:17)\n    at next (D:\\Work\\order-management-app\\order-management\\backend\\node_modules\\router\\lib\\route.js:157:13)\n    at Route.dispatch (D:\\Work\\order-management-app\\order-management\\backend\\node_modules\\router\\lib\\route.js:117:3)\n    at handle (D:\\Work\\order-management-app\\order-management\\backend\\node_modules\\router\\index.js:435:11)\n    at Layer.handleRequest (D:\\Work\\order-management-app\\order-management\\backend\\node_modules\\router\\lib\\layer.js:152:17)\n    at D:\\Work\\order-management-app\\order-management\\backend\\node_modules\\router\\index.js:295:15\n    at processParams (D:\\Work\\order-management-app\\order-management\\backend\\node_modules\\router\\index.js:582:12)\n    at next (D:\\Work\\order-management-app\\order-management\\backend\\node_modules\\router\\index.js:291:5)\n    at Function.handle (D:\\Work\\order-management-app\\order-management\\backend\\node_modules\\router\\index.js:186:3)\n    at router (D:\\Work\\order-management-app\\order-management\\backend\\node_modules\\router\\index.js:60:12)\n    at Layer.handleRequest (D:\\Work\\order-management-app\\order-management\\backend\\node_modules\\router\\lib\\layer.js:152:17)\n    at trimPrefix (D:\\Work\\order-management-app\\order-management\\backend\\node_modules\\router\\index.js:342:13)\n    at D:\\Work\\order-management-app\\order-management\\backend\\node_modules\\router\\index.js:297:9\n    at processParams (D:\\Work\\order-management-app\\order-management\\backend\\node_modules\\router\\index.js:582:12)\n    at next (D:\\Work\\order-management-app\\order-management\\backend\\node_modules\\router\\index.js:291:5)\n    at read (D:\\Work\\order-management-app\\order-management\\backend\\node_modules\\body-parser\\lib\\read.js:53:5)\n    at urlencodedParser (D:\\Work\\order-management-app\\order-management\\backend\\node_modules\\body-parser\\lib\\types\\urlencoded.js:57:5)\n    at Layer.handleRequest (D:\\Work\\order-management-app\\order-management\\backend\\node_modules\\router\\lib\\layer.js:152:17)\n    at trimPrefix (D:\\Work\\order-management-app\\order-management\\backend\\node_modules\\router\\index.js:342:13)\n    at D:\\Work\\order-management-app\\order-management\\backend\\node_modules\\router\\index.js:297:9\n    at processParams (D:\\Work\\order-management-app\\order-management\\backend\\node_modules\\router\\index.js:582:12)\n    at next (D:\\Work\\order-management-app\\order-management\\backend\\node_modules\\router\\index.js:291:5)\n    at read (D:\\Work\\order-management-app\\order-management\\backend\\node_modules\\body-parser\\lib\\read.js:53:5)\n    at jsonParser (D:\\Work\\order-management-app\\order-management\\backend\\node_modules\\body-parser\\lib\\types\\json.js:88:5)\n    at Layer.handleRequest (D:\\Work\\order-management-app\\order-management\\backend\\node_modules\\router\\lib\\layer.js:152:17)\n    at trimPrefix (D:\\Work\\order-management-app\\order-management\\backend\\node_modules\\router\\index.js:342:13)\n    at D:\\Work\\order-management-app\\order-management\\backend\\node_modules\\router\\index.js:297:9\n    at processParams (D:\\Work\\order-management-app\\order-management\\backend\\node_modules\\router\\index.js:582:12)\n    at next (D:\\Work\\order-management-app\\order-management\\backend\\node_modules\\router\\index.js:291:5)\n    at cors (D:\\Work\\order-management-app\\order-management\\backend\\node_modules\\cors\\lib\\index.js:188:7)\n    at D:\\Work\\order-management-app\\order-management\\backend\\node_modules\\cors\\lib\\index.js:224:17\n    at originCallback (D:\\Work\\order-management-app\\order-management\\backend\\node_modules\\cors\\lib\\index.js:214:15)\n    at D:\\Work\\order-management-app\\order-management\\backend\\node_modules\\cors\\lib\\index.js:219:13\n    at optionsCallback (D:\\Work\\order-management-app\\order-management\\backend\\node_modules\\cors\\lib\\index.js:199:9)\n    at corsMiddleware (D:\\Work\\order-management-app\\order-management\\backend\\node_modules\\cors\\lib\\index.js:204:7)\n    at Layer.handleRequest (D:\\Work\\order-management-app\\order-management\\backend\\node_modules\\router\\lib\\layer.js:152:17)\n    at trimPrefix (D:\\Work\\order-management-app\\order-management\\backend\\node_modules\\router\\index.js:342:13)\n    at D:\\Work\\order-management-app\\order-management\\backend\\node_modules\\router\\index.js:297:9\n    at processParams (D:\\Work\\order-management-app\\order-management\\backend\\node_modules\\router\\index.js:582:12)\n    at next (D:\\Work\\order-management-app\\order-management\\backend\\node_modules\\router\\index.js:291:5)\n    at D:\\Work\\order-management-app\\order-management\\backend\\node_modules\\express-rate-limit\\dist\\index.cjs:947:7\n    at processTicksAndRejections (node:internal/process/task_queues:105:5)\n    at D:\\Work\\order-management-app\\order-management\\backend\\node_modules\\express-rate-limit\\dist\\index.cjs:830:5","timestamp":"2026-04-03 09:43:01"}
{"level":"info","message":"Registered new user: rama@gmail.com","service":"order-management-api","timestamp":"2026-04-03 09:43:01"}
{"level":"error","message":"Unhandled/Server Error:  prisma is not defined","service":"order-management-api","stack":"ReferenceError: prisma is not defined\n    at Object.exports.add (D:\\Work\\order-management-app\\order-management\\backend\\services\\addressService.js:49:3)\n    at add (D:\\Work\\order-management-app\\order-management\\backend\\controller\\addressController.js:11:42)\n    at fn (D:\\Work\\order-management-app\\order-management\\backend\\utils\\asyncHandler.js:9:19)\n    at Layer.handleRequest (D:\\Work\\order-management-app\\order-management\\backend\\node_modules\\router\\lib\\layer.js:152:17)\n    at next (D:\\Work\\order-management-app\\order-management\\backend\\node_modules\\router\\lib\\route.js:157:13)\n    at next (D:\\Work\\order-management-app\\order-management\\backend\\middleware\\validate.js:16:3)\n    at Layer.handleRequest (D:\\Work\\order-management-app\\order-management\\backend\\node_modules\\router\\lib\\layer.js:152:17)\n    at next (D:\\Work\\order-management-app\\order-management\\backend\\node_modules\\router\\lib\\route.js:157:13)\n    at middleware (D:\\Work\\order-management-app\\order-management\\backend\\node_modules\\express-validator\\lib\\middlewares\\check.js:16:13)\n    at processTicksAndRejections (node:internal/process/task_queues:105:5)","timestamp":"2026-04-03 09:43:01"}
{"level":"info","message":"Login success: rama@gmail.com (Role: user)","service":"order-management-api","timestamp":"2026-04-03 09:43:46"}
{"level":"warn","message":"Failed login attempt for: test@gmail.com","service":"order-management-api","timestamp":"2026-04-03 09:43:46"}
{"level":"info","message":"Registered new user: rama@gmail.com","service":"order-management-api","timestamp":"2026-04-03 09:43:46"}
{"level":"info","message":"Registration failed: User already exists (rama@gmail.com)","service":"order-management-api","timestamp":"2026-04-03 09:43:46"}
{"level":"info","message":"Resetting default addresses for user 1","service":"order-management-api","timestamp":"2026-04-03 09:43:47"}
{"level":"info","message":"Address created with ID 101 for user 1","service":"order-management-api","timestamp":"2026-04-03 09:43:47"}
{"level":"info","message":"Address deleted : 1 for user 1","service":"order-management-api","timestamp":"2026-04-03 09:43:47"}
{"level":"info","message":"Products fetched : count=1","service":"order-management-api","timestamp":"2026-04-03 09:43:47"}
{"level":"warn","message":"Product not found: productId=999","service":"order-management-api","timestamp":"2026-04-03 09:43:47"}
{"level":"info","message":"Categories fetched : count=1","service":"order-management-api","timestamp":"2026-04-03 09:43:47"}
{"level":"info","message":"Orders fetched | userId=1, count=1","service":"order-management-api","timestamp":"2026-04-03 09:43:47"}
{"level":"info","message":"Orders fetched | userId=1, count=0","service":"order-management-api","timestamp":"2026-04-03 09:43:47"}
{"level":"info","message":"Products fetched : count=1","service":"order-management-api","timestamp":"2026-04-03 09:43:47"}
{"level":"info","message":"Address created with ID 101 for user undefined","service":"order-management-api","timestamp":"2026-04-03 09:43:47"}
{"level":"info","message":"Login success: rama@gmail.com (Role: user)","service":"order-management-api","timestamp":"2026-04-03 09:43:47"}
{"level":"info","message":"Registered new user: rama@gmail.com","service":"order-management-api","timestamp":"2026-04-03 09:43:48"}
